\BOOKMARK [1][-]{section.1}{\376\377\0001\000.\000\040\137\025\212\000}{}% 1
\BOOKMARK [1][-]{section.2}{\376\377\0002\000.\000\040\126\376\120\317\145\160\143\156\166\204\213\304\117\060\124\214\143\320\123\107}{}% 2
\BOOKMARK [2][-]{subsection.2.1}{\376\377\0002\000.\0001\000.\000\040\161\046\166\320\126\152\130\360}{section.2}% 3
\BOOKMARK [2][-]{subsection.2.2}{\376\377\0002\000.\0002\000.\000\040\146\335\121\111\137\002\136\070}{section.2}% 4
\BOOKMARK [2][-]{subsection.2.3}{\376\377\0002\000.\0003\000.\000\040\217\320\122\250\152\041\174\312}{section.2}% 5
\BOOKMARK [1][-]{section.3}{\376\377\0003\000.\000\040\160\271\116\221\145\160\143\156\166\204\213\304\117\060\124\214\143\320\123\107}{}% 6
\BOOKMARK [2][-]{subsection.3.1}{\376\377\0003\000.\0001\000.\000\040\160\271\116\221\172\000\165\217}{section.3}% 7
\BOOKMARK [1][-]{section.4}{\376\377\0004\000.\000\040\207\215\124\010\213\304\117\060\116\016\200\124\124\010\150\041\121\306}{}% 8
\BOOKMARK [2][-]{subsection.4.1}{\376\377\0004\000.\0001\000.\000\040\213\304\117\060\173\227\154\325}{section.4}% 9
\BOOKMARK [2][-]{subsection.4.2}{\376\377\0004\000.\0002\000.\000\040\150\041\121\306\173\227\154\325}{section.4}% 10
\BOOKMARK [1][-]{section.5}{\376\377\0005\000.\000\040\164\006\213\272\213\301\146\016}{}% 11
\BOOKMARK [2][-]{subsection.5.1}{\376\377\0005\000.\0001\000.\000\040\120\107\213\276\116\072\153\143\131\052\122\006\136\003\166\204\124\010\164\006\140\047}{section.5}% 12
\BOOKMARK [2][-]{subsection.5.2}{\376\377\0005\000.\0002\000.\000\040\145\160\143\156\143\320\123\107\124\016\217\223\121\145\145\160\143\156\147\011\146\364\134\017\166\204\145\271\135\356}{section.5}% 13
\BOOKMARK [2][-]{subsection.5.3}{\376\377\0005\000.\0003\000.\000\040\145\160\143\156\143\320\123\107\124\016\121\167\147\011\146\364\131\175\166\204\234\201\150\322\140\047}{section.5}% 14
\BOOKMARK [2][-]{subsection.5.4}{\376\377\0005\000.\0004\000.\000\040\201\352\220\002\136\224\123\302\145\160\166\204\220\011\142\351}{section.5}% 15
\BOOKMARK [2][-]{subsection.5.5}{\376\377\0005\000.\0005\000.\000\040\201\352\220\002\136\224\123\302\145\160\166\204\220\011\142\351}{section.5}% 16
\BOOKMARK [1][-]{section.6}{\376\377\0006\000.\000\040\116\377\167\037\133\236\232\214}{}% 17
\BOOKMARK [2][-]{subsection.6.1}{\376\377\0006\000.\0001\000.\000\040\000K\000I\000T\000T\000I\145\160\143\156\226\306}{section.6}% 18
\BOOKMARK [2][-]{subsection.6.2}{\376\377\0006\000.\0002\000.\000\040\155\113\213\325\176\323\147\234}{section.6}% 19
\BOOKMARK [1][-]{section.7}{\376\377\0007\000.\000\040\176\323\213\272}{}% 20
